=== Test Summary
NAME                 VALUE                              
───────────────────  ───────────────────────────────────
Outcome              Failed                             
Tests Ran            151                                
Pass Rate            87%                                
Fail Rate            13%                                
Skip Rate            0%                                 
Test Run Id          7073J00001AV9g0                    
Test Execution Time  232567 ms                          
Org Id               00D3J0000008pjwUAA                 
Username             rtrigg+fs@globalfundforwomen.org.gm
Org Wide Coverage    80%                                


=== Test Results
TEST NAME                                                                                         OUTCOME  MESSAGE                                                                                                                                                                                                   RUNTIME (MS)
────────────────────────────────────────────────────────────────────────────────────────────────  ───────  ────────────────────────────────────────────────────────────────────────────────────────────────────────────────────────────────────────────────────────────────────────────────────────────────────────  ────────────
LookupSearchResultTests.compareTo_should_work_with_this_null_title                                Pass                                                                                                                                                                                                               3           
LookupSearchResultTests.compareTo_should_work_with_two_null_titles                                Pass                                                                                                                                                                                                               4           
LookupSearchResultTests.getters_should_work                                                       Pass                                                                                                                                                                                                               4           
LookupSearchResultTests.getters_should_work_icon_class                                            Pass                                                                                                                                                                                                               4           
LookupSearchResultTests.compareTo_should_work_with_non_null_titles                                Pass                                                                                                                                                                                                               74          
LookupSearchResultTests.compareTo_should_work_with_other_null_title                               Pass                                                                                                                                                                                                               5           
FormControllerTest.FormCloneTest3                                                                 Pass                                                                                                                                                                                                               1494        
AssessorSiteTest.loadAdvisorSummary                                                               Fail     System.DmlException: Insert failed. First exception on row 0; first error: FIELD_CUSTOM_VALIDATION_EXCEPTION, Allocations may only be created on active funds: [Fund__c]                                  
                                                                                                           Class.AssessorSiteTest.makeData: line 26, column 1                                                                                                                                                                    
AssessorSiteTest.testGetAssessmentInvitesReview                                                   Fail     System.DmlException: Insert failed. First exception on row 0; first error: FIELD_CUSTOM_VALIDATION_EXCEPTION, Allocations may only be created on active funds: [Fund__c]                                  
                                                                                                           Class.AssessorSiteTest.makeData: line 26, column 1                                                                                                                                                                    
AssessorSiteTest.testGetAssignedAssessments                                                       Fail     System.DmlException: Insert failed. First exception on row 0; first error: FIELD_CUSTOM_VALIDATION_EXCEPTION, Allocations may only be created on active funds: [Fund__c]                                  
                                                                                                           Class.AssessorSiteTest.makeData: line 26, column 1                                                                                                                                                                    
AssessorSiteTest.testGetInterfaceType                                                             Fail     System.DmlException: Insert failed. First exception on row 0; first error: FIELD_CUSTOM_VALIDATION_EXCEPTION, Allocations may only be created on active funds: [Fund__c]                                  
                                                                                                           Class.AssessorSiteTest.makeData: line 26, column 1                                                                                                                                                                    
AssessorSiteTest.testGetInviteFormInfo                                                            Fail     System.DmlException: Insert failed. First exception on row 0; first error: FIELD_CUSTOM_VALIDATION_EXCEPTION, Allocations may only be created on active funds: [Fund__c]                                  
                                                                                                           Class.AssessorSiteTest.makeData: line 26, column 1                                                                                                                                                                    
AssessorSiteTest.testLoadAdvisorSummary                                                           Fail     System.DmlException: Insert failed. First exception on row 0; first error: FIELD_CUSTOM_VALIDATION_EXCEPTION, Allocations may only be created on active funds: [Fund__c]                                  
                                                                                                           Class.AssessorSiteTest.makeData: line 26, column 1                                                                                                                                                                    
AssessorSiteTest.testGetSearchableRecords                                                         Fail     System.DmlException: Insert failed. First exception on row 0; first error: FIELD_CUSTOM_VALIDATION_EXCEPTION, Allocations may only be created on active funds: [Fund__c]                                  
                                                                                                           Class.AssessorSiteTest.makeData: line 26, column 1                                                                                                                                                                    
InternalReviewTest.controllerTest                                                                 Pass                                                                                                                                                                                                               5062        
InternalReviewTest.getInternalReviewVFPageNameTest                                                Pass                                                                                                                                                                                                               24          
InternalReviewTest.milestoneReviewTest                                                            Pass                                                                                                                                                                                                               1534        
InternalReviewTest.profileReviewTest                                                              Pass                                                                                                                                                                                                               880         
InternalReviewTest.proposalReviewTest                                                             Pass                                                                                                                                                                                                               1729        
SiteLoginControllerTest.testSiteLoginController                                                   Pass                                                                                                                                                                                                               27          
AssessmentControllerTest.AssessmentControllerTest1a                                               Pass                                                                                                                                                                                                               3036        
AssessmentControllerTest.AssessmentControllerTest1b                                               Fail     System.AssertException: Assertion Failed: Expected: null, Actual: ptest_0@ptest.org                                                                                                                       
                                                                                                           Class.AdvisorControllerTest.validate: line 77, column 1                                                                                                                                                   
                                                                                                           Class.AssessmentControllerTest.AssessmentControllerTest1b: line 60, column 1                                                                                                                                          
LightningForgotPasswordControllerTest.LightningForgotPasswordControllerInstantiation              Pass                                                                                                                                                                                                               24          
LightningForgotPasswordControllerTest.testLightningForgotPasswordControllerInvalidUserName        Pass                                                                                                                                                                                                               6           
LightningForgotPasswordControllerTest.testLightningForgotPasswordControllerWithNullCheckEmailRef  Pass                                                                                                                                                                                                               6           
LightningSelfRegisterControllerTest.testSelfRegistration                                          Pass                                                                                                                                                                                                               7           
LightningSelfRegisterControllerTest.testSiteAsContainerEnabled                                    Pass                                                                                                                                                                                                               15          
LightningSelfRegisterControllerTest.LightningSelfRegisterControllerInstantiation                  Pass                                                                                                                                                                                                               47          
LightningSelfRegisterControllerTest.testGetExtraFieldsInSelfRegistration                          Pass                                                                                                                                                                                                               16          
LightningSelfRegisterControllerTest.testGetNonEmptyExtraFields                                    Pass                                                                                                                                                                                                               6           
LightningSelfRegisterControllerTest.testGetNullExtraFields                                        Pass                                                                                                                                                                                                               6           
LightningSelfRegisterControllerTest.testIsValidPassword                                           Pass                                                                                                                                                                                                               5           
LightningSelfRegisterControllerTest.testSelfRegisterWithCreatedAccount                            Pass                                                                                                                                                                                                               531         
LightningSelfRegisterControllerTest.testSelfRegisterWithProperCredentials                         Pass                                                                                                                                                                                                               8           
AssessmentProposalTest.classificationJoinTest                                                     Pass                                                                                                                                                                                                               412         
AssessmentProposalTest.getAssessmentReviewTest                                                    Pass                                                                                                                                                                                                               1536        
AssessmentProposalTest.getAssignedAssessmentsTest                                                 Fail     System.DmlException: Insert failed. First exception on row 0; first error: UNKNOWN_EXCEPTION, portal account owner must have a role: []                                                                   
                                                                                                           Class.AssessmentProposalTest.getAssignedAssessmentsTest: line 189, column 1                                                                                                                                           
AssessmentProposalTest.instantiateTest                                                            Pass                                                                                                                                                                                                               430         
AssessmentProposalTest.portfolioAssignTest                                                        Pass                                                                                                                                                                                                               175         
AssessmentProposalTest.submitReviewNegativeTest                                                   Pass                                                                                                                                                                                                               651         
AssessmentProposalTest.submitReviewTest                                                           Pass                                                                                                                                                                                                               539         
AssessmentProposalTest.updateBooleantest                                                          Pass                                                                                                                                                                                                               128         
AssessmentProposalTest.updateTextPickOrLookupTest                                                 Pass                                                                                                                                                                                                               66          
AssessmentMilestoneTest.IndicatorAssignTest                                                       Pass                                                                                                                                                                                                               386         
AssessmentMilestoneTest.instantiateTest                                                           Pass                                                                                                                                                                                                               601         
AssessmentMilestoneTest.submitReviewNegativeTest                                                  Pass                                                                                                                                                                                                               476         
AssessmentMilestoneTest.submitReviewTest                                                          Pass                                                                                                                                                                                                               357         
AssessmentProfileTest.classificationJoinTest                                                      Pass                                                                                                                                                                                                               215         
AssessmentProfileTest.instantiateTest                                                             Pass                                                                                                                                                                                                               454         
AssessmentProfileTest.inviteBasedFormView                                                         Fail     System.DmlException: Insert failed. First exception on row 0; first error: INVALID_CROSS_REFERENCE_KEY, Record Type ID: this ID value isn't valid for the user: 0128c000001BcHNAA0: [RecordTypeId]        
                                                                                                           Class.AssessmentProfileTest.inviteBasedFormView: line 255, column 1                                                                                                                                                   
AssessmentProfileTest.portfolioAssignTest                                                         Pass                                                                                                                                                                                                               572         
AssessmentProfileTest.submitReviewNegativeTest                                                    Pass                                                                                                                                                                                                               233         
AssessmentProfileTest.submitReviewTest                                                            Pass                                                                                                                                                                                                               247         
CustomReqsControllerTest.CustomReqsControllerTest1                                                Pass                                                                                                                                                                                                               1439        
DeleteRecordsSchedulableTest.DeleteRecordsSchedulableTest1                                        Pass                                                                                                                                                                                                               3615        
DeleteRecordsSchedulableTest.DeleteRecordsSchedulableTest2                                        Pass                                                                                                                                                                                                               1221        
ExpressionInterpreterTest.ExpressionInterpreterTest                                               Pass                                                                                                                                                                                                               5359        
CountryControllerTest.CountryControllerTest                                                       Pass                                                                                                                                                                                                               6725        
AccountControllerTest.AccountControllerTest1                                                      Pass                                                                                                                                                                                                               4078        
AccountControllerTest.AccountControllerTest4                                                      Pass                                                                                                                                                                                                               929         
LetterControllerTest.LetterControllerTest2                                                        Pass                                                                                                                                                                                                               3078        
LetterControllerTest.LetterControllerTestBatch1                                                   Pass                                                                                                                                                                                                               1710        
LetterControllerTest.LetterControllerTestBatch2                                                   Pass                                                                                                                                                                                                               2691        
LetterControllerTest.LetterControllerTestBatch3                                                   Pass                                                                                                                                                                                                               1934        
LetterControllerTest.LetterControllerTestPrint                                                    Pass                                                                                                                                                                                                               2309        
LetterControllerTest.LetterResetTest1                                                             Pass                                                                                                                                                                                                               1406        
LetterControllerTest.LetterResetTest2                                                             Pass                                                                                                                                                                                                               1121        
ProposalControllerTest.ProposalControllerTest                                                     Pass                                                                                                                                                                                                               3316        
ProposalControllerTest.ProposalControllerTest1                                                    Pass                                                                                                                                                                                                               2260        
ProposalControllerTest.ProposalControllerTest2                                                    Pass                                                                                                                                                                                                               1769        
ProposalControllerTest.ProposalControllerTest4                                                    Pass                                                                                                                                                                                                               1952        
ProposalControllerTest.ProposalControllerTest5                                                    Pass                                                                                                                                                                                                               1385        
ProposalUpdateTest.ProposalUpdateTest1a                                                           Pass                                                                                                                                                                                                               7863        
ProposalUpdateTest.ProposalUpdateTest1b                                                           Pass                                                                                                                                                                                                               5050        
ProposalUpdateTest.ProposalUpdateTest1c                                                           Pass                                                                                                                                                                                                               6578        
ProposalUpdateTest.ProposalUpdateTest2                                                            Pass                                                                                                                                                                                                               3303        
ProposalUpdateTest.ProposalUpdateTest3                                                            Pass                                                                                                                                                                                                               3004        
ProposalUpdateTest.ProposalUpdateTest4                                                            Pass                                                                                                                                                                                                               4688        
MilestoneControllerTest.MilestoneControllerTest1                                                  Pass                                                                                                                                                                                                               3505        
MilestoneControllerTest.MilestoneControllerTest2a                                                 Pass                                                                                                                                                                                                               2108        
MilestoneControllerTest.MilestoneControllerTest2b                                                 Pass                                                                                                                                                                                                               1621        
MilestoneControllerTest.MilestoneControllerTest3                                                  Pass                                                                                                                                                                                                               2122        
MilestoneControllerTest.MilestoneControllerTest4                                                  Pass                                                                                                                                                                                                               1584        
MilestoneControllerTest.MilestoneControllerTest5                                                  Pass                                                                                                                                                                                                               2342        
TemplateControllerTest.TemplateControllerTest1                                                    Pass                                                                                                                                                                                                               3270        
ProposalControllerClassificationsTest.ProposalControllerClassificationsTest                       Pass                                                                                                                                                                                                               2945        
GenericUpdateRecordsBatchTest.GenericUpdateRecordsBatchTest                                       Pass                                                                                                                                                                                                               1926        
ProfileControllerTest.ProfileControllerTest1                                                      Pass                                                                                                                                                                                                               2453        
ProfileControllerTest.ProfileControllerTest2                                                      Pass                                                                                                                                                                                                               1330        
ProfileControllerTest.ProfileControllerTest3                                                      Pass                                                                                                                                                                                                               801         
ProfileControllerTest.ProfileControllerTestVF                                                     Pass                                                                                                                                                                                                               1379        
InviteControllerTest.InviteControllerTest1                                                        Pass                                                                                                                                                                                                               2207        
InviteControllerTest.InviteControllerTest2                                                        Pass                                                                                                                                                                                                               1353        
InviteControllerTest.InviteControllerTest3                                                        Pass                                                                                                                                                                                                               1868        
InviteControllerTest.InviteControllerTest4                                                        Pass                                                                                                                                                                                                               1448        
InviteControllerTest.InviteControllerTest5                                                        Pass                                                                                                                                                                                                               1115        
FundControllerTest.FundControllerTest1                                                            Pass                                                                                                                                                                                                               2509        
FundControllerTest.FundControllerTest2                                                            Pass                                                                                                                                                                                                               2692        
FundControllerTest.FundControllerTest3                                                            Pass                                                                                                                                                                                                               3003        
FundControllerTest.FundControllerTest4                                                            Pass                                                                                                                                                                                                               2889        
PortfolioControllerTest.PortfolioControllerTest                                                   Pass                                                                                                                                                                                                               1874        
ProfileClassificationsCloneInvocableTest.ProfileClassificationsCloneInvocableTest                 Pass                                                                                                                                                                                                               5648        
GMDataControllerTest.GMDataControllerTest1                                                        Pass                                                                                                                                                                                                               2856        
GMDataControllerTest.GMDataControllerTest2                                                        Pass                                                                                                                                                                                                               2011        
GMDataControllerTest.GMDataControllerTestVF                                                       Pass                                                                                                                                                                                                               1374        
ProfileClassificationsInvocableTest.ProfileClassificationsInvocableTest                           Pass                                                                                                                                                                                                               638         
MicrobatchSelfRegControllerTest.testMicrobatchSelfRegController                                   Pass                                                                                                                                                                                                               38          
CommunitiesSelfRegConfirmControllerTest.testCommunitiesSelfRegConfirmController                   Pass                                                                                                                                                                                                               30          
LightningLoginFormControllerTest.LightningLoginFormControllerInstantiation                        Pass                                                                                                                                                                                                               34          
LightningLoginFormControllerTest.testAuthConfig                                                   Pass                                                                                                                                                                                                               27          
LightningLoginFormControllerTest.testGetSelfRegistrationURL                                       Pass                                                                                                                                                                                                               13          
LightningLoginFormControllerTest.testIsSelfRegistrationEnabled                                    Pass                                                                                                                                                                                                               8           
LightningLoginFormControllerTest.testIsUsernamePasswordEnabled                                    Pass                                                                                                                                                                                                               17          
AdvisorControllerTest.AdvisorControllerTest1                                                      Fail     System.QueryException: List has no rows for assignment to SObject                                                                                                                                         
                                                                                                           Class.AdvisorControllerTest.AdvisorControllerTest1: line 34, column 1                                                                                                                                                 
AdvisorControllerTest.AdvisorControllerTest2                                                      Fail     System.AssertException: Assertion Failed: Expected: 1, Actual: 0                                                                                                                                          
                                                                                                           Class.AdvisorControllerTest.AdvisorControllerTest2: line 142, column 1                                                                                                                                                
AdvisorControllerTest.AdvisorControllerTest3                                                      Fail     System.QueryException: List has no rows for assignment to SObject                                                                                                                                         
                                                                                                           Class.AdvisorControllerTest.AdvisorControllerTest3: line 170, column 1                                                                                                                                                
AdvisorControllerTest.getRunningUserAdvisorIdTest                                                 Fail     System.QueryException: List has no rows for assignment to SObject                                                                                                                                         
                                                                                                           Class.AdvisorControllerTest.getRunningUserAdvisorIdTest: line 248, column 1                                                                                                                                           
AdvisorTermControllerTest.AdvisorTermControllerTest1b                                             Fail     System.AssertException: Assertion Failed: Expected: null, Actual: ptest_0@ptest.org                                                                                                                       
                                                                                                           Class.AdvisorControllerTest.validate: line 77, column 1                                                                                                                                                   
                                                                                                           Class.AdvisorTermControllerTest.AdvisorTermControllerTest1b: line 44, column 1                                                                                                                                        
AdvisorTermControllerTest.AdvisorTermControllerTest2                                              Pass                                                                                                                                                                                                               1465        
AdvisorTermControllerTest.AdvisorTermControllerTest1a                                             Fail     System.AssertException: Assertion Failed: Expected: null, Actual: ptest_0@ptest.org                                                                                                                       
                                                                                                           Class.AdvisorControllerTest.validate: line 77, column 1                                                                                                                                                   
                                                                                                           Class.AdvisorTermControllerTest.AdvisorTermControllerTest1a: line 23, column 1                                                                                                                                        
CommunitiesSelfRegControllerTest.testCommunitiesSelfRegController                                 Pass                                                                                                                                                                                                               46          
AdvisorPaymentControllerTest.AdvisorPaymentControllerTest1                                        Fail     System.AssertException: Assertion Failed: Expected: null, Actual: ptest_0@ptest.org                                                                                                                       
                                                                                                           Class.AdvisorControllerTest.validate: line 77, column 1                                                                                                                                                   
                                                                                                           Class.AdvisorPaymentControllerTest.AdvisorPaymentControllerTest1: line 25, column 1                                                                                                                                   
AdvisorPaymentControllerTest.AdvisorPaymentControllerTest2                                        Fail     System.DmlException: Insert failed. First exception on row 0; first error: FIELD_CUSTOM_VALIDATION_EXCEPTION, The payment's advisor must be the same as the linked advisor term's advisor.: [Advisor__c]  
                                                                                                           Class.AdvisorPaymentControllerTest.AdvisorPaymentControllerTest2: line 33, column 1                                                                                                                                   
CommunitiesLandingControllerTest.testCommunitiesLandingController                                 Pass                                                                                                                                                                                                               32          
MyProfilePageControllerTest.testSave                                                              Pass                                                                                                                                                                                                               883         
PaymentControllerTest.PaymentControllerTest1                                                      Pass                                                                                                                                                                                                               3949        
PaymentControllerTest.PaymentControllerTest2                                                      Pass                                                                                                                                                                                                               5710        
strike_tst_lookupController.test_error                                                            Pass                                                                                                                                                                                                               78          
strike_tst_lookupController.test_getData                                                          Pass                                                                                                                                                                                                               731         
strike_tst_lookupController.test_getData_addressField                                             Pass                                                                                                                                                                                                               463         
strike_tst_lookupController.test_getData_reference                                                Pass                                                                                                                                                                                                               1198        
strike_tst_lookupController.test_getData_subtitleField                                            Pass                                                                                                                                                                                                               390         
strike_tst_lookupController.test_getRecentRecords                                                 Pass                                                                                                                                                                                                               50          
strike_tst_lookupController.test_getRecordLabel                                                   Pass                                                                                                                                                                                                               488         
ForgotPasswordControllerTest.testForgotPasswordController                                         Pass                                                                                                                                                                                                               31          
PaymentMethodControllerTest.PaymentMethodControllerTest1a                                         Pass                                                                                                                                                                                                               3452        
PaymentMethodControllerTest.PaymentMethodControllerTest2a                                         Pass                                                                                                                                                                                                               1355        
PaymentMethodControllerTest.PaymentMethodControllerTest3                                          Pass                                                                                                                                                                                                               1400        
PaymentMethodControllerTest.PaymentMethodControllerTest4                                          Pass                                                                                                                                                                                                               5772        
CommunitiesLoginControllerTest.testCommunitiesLoginController                                     Pass                                                                                                                                                                                                               28          
TouchRecordsSchedulableTest.TouchRecordsSchedulableTest                                           Pass                                                                                                                                                                                                               412         
OFACLookupTest.OFACLookupTest                                                                     Pass                                                                                                                                                                                                               4031        
UpdateAccountContactInfoTest.UpdateAccountContactInfoTest1                                        Pass                                                                                                                                                                                                               3440        
ChangePasswordControllerTest.testChangePasswordController                                         Pass                                                                                                                                                                                                               27          
UtilitiesTest.UtilitiesTest4                                                                      Fail     System.DmlException: Insert failed. First exception on row 0; first error: FIELD_INTEGRITY_EXCEPTION, field integrity exception (Guest users cannot be record owners.): []                                
                                                                                                           Class.Utilities.instantiateTaskSpecs: line 1044, column 1                                                                                                                                                 
                                                                                                           Class.UtilitiesTest.UtilitiesTest4: line 297, column 1                                                                                                                                                                
UtilitiesTest.UtilitiesTest1                                                                      Pass                                                                                                                                                                                                               5257        
UtilitiesTest.UtilitiesTest2                                                                      Pass                                                                                                                                                                                                               5766        
UtilitiesTest.UtilitiesTest3                                                                      Pass                                                                                                                                                                                                               534         
OpportunityControllerTest.OpportunityControllerTest1                                              Pass                                                                                                                                                                                                               1770        
OpportunityControllerTest.OpportunityControllerTest2                                              Pass                                                                                                                                                                                                               2346        
SiteRegisterControllerTest.testRegistration                                                       Pass                                                                                                                                                                                                               35          


=== Apex Code Coverage by Class
CLASSES                               PERCENT  UNCOVERED LINES       
────────────────────────────────────  ───────  ──────────────────────
ProfileCloneBatch                     90%      31,52                 
FundUpdateTotalInvocable              100%                           
ExpressionLexer                       92%      90,155,156,157,174... 
LetterResetBatch                      81%      49,57,58,59,60...     
GMDataUpdateSchedule                  100%                           
TouchRecordsSchedulable               100%                           
CountryController                     100%                           
PaymentMethodUniqueIdInvocable        100%                           
OpportunityController                 82%      85,88,95,97,116...    
LetterController                      82%      21,29,38,45,62...     
CountryStatsBatch                     100%                           
ProposalController                    86%      54,55,56,58,61...     
AccountController                     85%      5,6,32,33,34...       
LetterReset                           84%      98,99,306,307,308...  
PaymentMethodController               81%      5,8,9,10,51...        
MilestoneEmailLetterInvocable         100%                           
ExpressionInterpreter                 83%      64,78,154,155,161...  
InviteController                      93%      82,318,319,335,365... 
FundController                        85%      30,62,64,81,82...     
ExpressionException                   100%                           
ProposalEmailLetterInvocable          100%                           
LetterUpdatedInvocable                100%                           
GenericTouchRecordsBatch              91%      36                    
PaymentMethodNewInvocable             100%                           
ProfileCloneSchedule                  100%                           
OpportunityCloneInvocable             100%                           
PaymentController                     96%      82,93,118             
UpdateAccountContactInfo              94%      85,87,108,127         
InviteCloneProposalInvocable          100%                           
DeleteRecordsSchedulable              100%                           
BuildTestProposals                    100%                           
CustomReqsController                  96%      38,61                 
InvitesAllocationsForPropsBatch       92%      33                    
FundUpdateTotalsSchedule              100%                           
MilestoneController                   89%      43,44,45,47,50...     
strike_utilities                      100%                           
ProposalUpdate                        89%      141,142,143,144,145...
ProfileController                     86%      98,133,136,196,254... 
CountryStatsSchedule                  100%                           
ProfileClassificationsCloneInvocable  100%                           
strike_lookupController               94%      45,46,63,64,78...     
DeleteRecordsBatch                    100%                           
OFACLookup                            100%                           
GMDataController                      89%      37,105,113,114,115... 
ProfileClassificationsInvocable       100%                           
Utilities                             91%      106,107,209,237,239...
InvitesAllocationsForRstInvocable     100%                           
ProposalUpdateInvocable               75%      7                     
ReparentChildrenInvocable             100%                           
TemplateController                    97%      95                    
OFACLookupBatch                       100%                           
ExpressionFunctions                   86%      75,76,77,78,79...     
ProposalControllerClassifications     85%      11,12,15,51,52...     
strike_responseData                   100%                           
GenericUpdateRecordsBatch             95%      45                    
PortfolioController                   100%                           
AccountUpdateContactInfoInvocable     100%                           
MilestoneLetterSentInvocable          100%                           
InternalReview                        90%      52,53,111,112,134...  
AdvisorController                     32%      5,6,9,10,16...        
ReviewFormController                  77%      10,12,13,14,15...     
FormTagFormPhrasesInvocable           100%                           
AssessmentController                  93%      31,32,33              
Assessment                            94%      56,57,100,101         
AdvisorTermController                 93%      31,32,33,108          
AdvisorTermRemindersSchedule          100%                           
AdvisorPaymentController              85%      6,7,8,9,31...         
Review                                86%      84,141,191,192,193... 
LookupSearchResult                    97%      16                    
AssessorSiteController                4%       6,8,9,12,15...        
FormController                        100%                           
MyProfilePageController               88%      21,37,38              
SiteRegisterController                81%      39,40,43,44,45        
ChangePasswordController              100%                           
ForgotPasswordController              89%      15                    
CommunitiesSelfRegController          76%      16,51,52,53,54...     
MicrobatchSelfRegController           80%      10,40,41,42,43...     
SiteLoginController                   100%                           
CommunitiesLandingController          100%                           
CommunitiesLoginController            100%                           
LightningSelfRegisterController       73%      21,51,87,93,111...    
LightningForgotPasswordController     50%      15,16,24,26,27...     
LightningLoginFormController          45%      8,9,10,11,12...       
CommunitiesSelfRegConfirmController   100%                           
